2025-11-27 18:22:00 | WARN | repo=arquillian-phantom-driver | action=commit
2025-07-10 13:38:00 | INFO | repo=arquillian-phantom-driver | action=pull
2025-03-25 20:12:00 | DEBUG | repo=arquillian-phantom-driver | action=commit
2025-03-13 16:23:00 | WARN | repo=arquillian-phantom-driver | action=commit
2025-07-27 10:30:00 | DEBUG | repo=arquillian-phantom-driver | action=commit
2025-11-14 19:42:00 | DEBUG | repo=arquillian-phantom-driver | action=pull
2025-12-16 14:17:00 | INFO | repo=arquillian-phantom-driver | action=edit | files=4
2025-10-26 18:41:00 | WARN | repo=arquillian-phantom-driver | action=commit
2025-04-15 12:11:00 | INFO | repo=arquillian-phantom-driver | action=pull
2025-10-01 18:23:00 | DEBUG | repo=arquillian-phantom-driver | action=commit
2025-04-02 16:18:00 | WARN | repo=arquillian-phantom-driver | action=commit
2025-04-06 11:21:00 | INFO | repo=arquillian-phantom-driver | action=commit
2025-02-04 21:24:00 | INFO | repo=arquillian-phantom-driver | action=pull
2025-12-15 21:32:00 | WARN | repo=arquillian-phantom-driver | action=commit
2025-09-02 20:24:00 | WARN | repo=arquillian-phantom-driver | action=commit
2025-01-27 13:15:00 | WARN | repo=arquillian-phantom-driver | action=commit
2025-08-26 17:28:00 | WARN | repo=arquillian-phantom-driver | action=commit
2025-04-10 18:22:00 | INFO | repo=arquillian-phantom-driver | action=pull
2025-03-21 18:36:00 | DEBUG | repo=arquillian-phantom-driver | action=commit
2025-06-05 18:43:00 | WARN | repo=arquillian-phantom-driver | action=commit
2025-08-28 12:01:00 | INFO | repo=arquillian-phantom-driver | action=commit
2025-09-05 08:09:00 | INFO | repo=arquillian-phantom-driver | action=commit
2025-04-01 09:10:00 | WARN | repo=arquillian-phantom-driver | action=commit
2025-10-17 17:20:00 | DEBUG | repo=arquillian-phantom-driver | action=commit
2025-10-16 09:43:00 | DEBUG | repo=arquillian-phantom-driver | action=commit
2025-07-12 14:35:00 | DEBUG | repo=arquillian-phantom-driver | action=commit
2025-11-07 10:06:00 | WARN | repo=arquillian-phantom-driver | action=commit
2025-05-11 20:45:00 | DEBUG | repo=arquillian-phantom-driver | action=test | passed=true
2025-07-14 19:48:00 | DEBUG | repo=arquillian-phantom-driver | action=test | passed=true
2025-09-10 13:52:00 | WARN | repo=arquillian-phantom-driver | action=test | passed=true
2025-03-20 11:02:00 | INFO | repo=arquillian-phantom-driver | action=commit
2025-04-04 08:21:00 | WARN | repo=arquillian-phantom-driver | action=edit | files=2
2025-03-05 11:06:00 | INFO | repo=arquillian-phantom-driver | action=commit
